{"name": "Пустая корзина", "status": "broken", "statusDetails": {"message": "selenium.common.exceptions.NoSuchElementException: Message: no such element: Unable to locate element: {\"method\":\"css selector\",\"selector\":\".header-cart__icon header-cart__icon--desktop\"}\n  (Session info: chrome=126.0.6478.127); For documentation on this error, please visit: https://www.selenium.dev/documentation/webdriver/troubleshooting/errors#no-such-element-exception\nStacktrace:\n\tGetHandleVerifier [0x00007FF73CE3EEA2+31554]\n\t(No symbol) [0x00007FF73CDB7ED9]\n\t(No symbol) [0x00007FF73CC7872A]\n\t(No symbol) [0x00007FF73CCC8434]\n\t(No symbol) [0x00007FF73CCC853C]\n\t(No symbol) [0x00007FF73CD0F6A7]\n\t(No symbol) [0x00007FF73CCED06F]\n\t(No symbol) [0x00007FF73CD0C977]\n\t(No symbol) [0x00007FF73CCECDD3]\n\t(No symbol) [0x00007FF73CCBA33B]\n\t(No symbol) [0x00007FF73CCBAED1]\n\tGetHandleVerifier [0x00007FF73D148B1D+3217341]\n\tGetHandleVerifier [0x00007FF73D195AE3+3532675]\n\tGetHandleVerifier [0x00007FF73D18B0E0+3489152]\n\tGetHandleVerifier [0x00007FF73CEEE776+750614]\n\t(No symbol) [0x00007FF73CDC375F]\n\t(No symbol) [0x00007FF73CDBEB14]\n\t(No symbol) [0x00007FF73CDBECA2]\n\t(No symbol) [0x00007FF73CDAE16F]\n\tBaseThreadInitThunk [0x00007FF8B5EA257D+29]\n\tRtlUserThreadStart [0x00007FF8B6C2AA58+40]", "trace": "@allure.title(\"Пустая корзина\")\n    @allure.description(\"Проверка пустой корзины\")\n    @allure.feature(\"READ\")\n    @allure.severity(\"blocker\")\n    @pytest.mark.ui_test\n    @pytest.mark.negative_test\n    def test_get_empty_cart():\n        with allure.step(\"Открытие веб-страницы в Chrome, заходим в корзину\"):\n            browser = webdriver.Chrome()\n            main_page = MainPage(browser)\n            main_page.set_cookie_policy()\n>           text = main_page.get_empty_cart()\n\ntest_page_object.py:75: \n_ _ _ _ _ _ _ _ _ _ _ _ _ _ _ _ _ _ _ _ _ _ _ _ _ _ _ _ _ _ _ _ _ _ _ _ _ _ _ _ _ _ _ _ _ _ _ _ _ _ _ _ _ _ _ _ _ _ _ _ _ _ _ _ _ _ _ _ _ _ _ _ _ _ _ _\nMainPage.py:43: in get_empty_cart\n    self._driver.find_element(By.CLASS_NAME, \"header-cart__icon header-cart__icon--desktop\").click()\n.venv\\Lib\\site-packages\\selenium\\webdriver\\remote\\webdriver.py:748: in find_element\n    return self.execute(Command.FIND_ELEMENT, {\"using\": by, \"value\": value})[\"value\"]\n.venv\\Lib\\site-packages\\selenium\\webdriver\\remote\\webdriver.py:354: in execute\n    self.error_handler.check_response(response)\n_ _ _ _ _ _ _ _ _ _ _ _ _ _ _ _ _ _ _ _ _ _ _ _ _ _ _ _ _ _ _ _ _ _ _ _ _ _ _ _ _ _ _ _ _ _ _ _ _ _ _ _ _ _ _ _ _ _ _ _ _ _ _ _ _ _ _ _ _ _ _ _ _ _ _ _\n\nself = <selenium.webdriver.remote.errorhandler.ErrorHandler object at 0x0000017514DD8F50>\nresponse = {'status': 404, 'value': '{\"value\":{\"error\":\"no such element\",\"message\":\"no such element: Unable to locate element: {\\...07FF73CDAE16F]\\\\n\\\\tBaseThreadInitThunk [0x00007FF8B5EA257D+29]\\\\n\\\\tRtlUserThreadStart [0x00007FF8B6C2AA58+40]\\\\n\"}}'}\n\n    def check_response(self, response: Dict[str, Any]) -> None:\n        \"\"\"Checks that a JSON response from the WebDriver does not have an\n        error.\n    \n        :Args:\n         - response - The JSON response from the WebDriver server as a dictionary\n           object.\n    \n        :Raises: If the response contains an error message.\n        \"\"\"\n        status = response.get(\"status\", None)\n        if not status or status == ErrorCode.SUCCESS:\n            return\n        value = None\n        message = response.get(\"message\", \"\")\n        screen: str = response.get(\"screen\", \"\")\n        stacktrace = None\n        if isinstance(status, int):\n            value_json = response.get(\"value\", None)\n            if value_json and isinstance(value_json, str):\n                import json\n    \n                try:\n                    value = json.loads(value_json)\n                    if len(value) == 1:\n                        value = value[\"value\"]\n                    status = value.get(\"error\", None)\n                    if not status:\n                        status = value.get(\"status\", ErrorCode.UNKNOWN_ERROR)\n                        message = value.get(\"value\") or value.get(\"message\")\n                        if not isinstance(message, str):\n                            value = message\n                            message = message.get(\"message\")\n                    else:\n                        message = value.get(\"message\", None)\n                except ValueError:\n                    pass\n    \n        exception_class: Type[WebDriverException]\n        e = ErrorCode()\n        error_codes = [item for item in dir(e) if not item.startswith(\"__\")]\n        for error_code in error_codes:\n            error_info = getattr(ErrorCode, error_code)\n            if isinstance(error_info, list) and status in error_info:\n                exception_class = getattr(ExceptionMapping, error_code, WebDriverException)\n                break\n        else:\n            exception_class = WebDriverException\n    \n        if not value:\n            value = response[\"value\"]\n        if isinstance(value, str):\n            raise exception_class(value)\n        if message == \"\" and \"message\" in value:\n            message = value[\"message\"]\n    \n        screen = None  # type: ignore[assignment]\n        if \"screen\" in value:\n            screen = value[\"screen\"]\n    \n        stacktrace = None\n        st_value = value.get(\"stackTrace\") or value.get(\"stacktrace\")\n        if st_value:\n            if isinstance(st_value, str):\n                stacktrace = st_value.split(\"\\n\")\n            else:\n                stacktrace = []\n                try:\n                    for frame in st_value:\n                        line = frame.get(\"lineNumber\", \"\")\n                        file = frame.get(\"fileName\", \"<anonymous>\")\n                        if line:\n                            file = f\"{file}:{line}\"\n                        meth = frame.get(\"methodName\", \"<anonymous>\")\n                        if \"className\" in frame:\n                            meth = f\"{frame['className']}.{meth}\"\n                        msg = \"    at %s (%s)\"\n                        msg = msg % (meth, file)\n                        stacktrace.append(msg)\n                except TypeError:\n                    pass\n        if exception_class == UnexpectedAlertPresentException:\n            alert_text = None\n            if \"data\" in value:\n                alert_text = value[\"data\"].get(\"text\")\n            elif \"alert\" in value:\n                alert_text = value[\"alert\"].get(\"text\")\n            raise exception_class(message, screen, stacktrace, alert_text)  # type: ignore[call-arg]  # mypy is not smart enough here\n>       raise exception_class(message, screen, stacktrace)\nE       selenium.common.exceptions.NoSuchElementException: Message: no such element: Unable to locate element: {\"method\":\"css selector\",\"selector\":\".header-cart__icon header-cart__icon--desktop\"}\nE         (Session info: chrome=126.0.6478.127); For documentation on this error, please visit: https://www.selenium.dev/documentation/webdriver/troubleshooting/errors#no-such-element-exception\nE       Stacktrace:\nE       \tGetHandleVerifier [0x00007FF73CE3EEA2+31554]\nE       \t(No symbol) [0x00007FF73CDB7ED9]\nE       \t(No symbol) [0x00007FF73CC7872A]\nE       \t(No symbol) [0x00007FF73CCC8434]\nE       \t(No symbol) [0x00007FF73CCC853C]\nE       \t(No symbol) [0x00007FF73CD0F6A7]\nE       \t(No symbol) [0x00007FF73CCED06F]\nE       \t(No symbol) [0x00007FF73CD0C977]\nE       \t(No symbol) [0x00007FF73CCECDD3]\nE       \t(No symbol) [0x00007FF73CCBA33B]\nE       \t(No symbol) [0x00007FF73CCBAED1]\nE       \tGetHandleVerifier [0x00007FF73D148B1D+3217341]\nE       \tGetHandleVerifier [0x00007FF73D195AE3+3532675]\nE       \tGetHandleVerifier [0x00007FF73D18B0E0+3489152]\nE       \tGetHandleVerifier [0x00007FF73CEEE776+750614]\nE       \t(No symbol) [0x00007FF73CDC375F]\nE       \t(No symbol) [0x00007FF73CDBEB14]\nE       \t(No symbol) [0x00007FF73CDBECA2]\nE       \t(No symbol) [0x00007FF73CDAE16F]\nE       \tBaseThreadInitThunk [0x00007FF8B5EA257D+29]\nE       \tRtlUserThreadStart [0x00007FF8B6C2AA58+40]\n\n.venv\\Lib\\site-packages\\selenium\\webdriver\\remote\\errorhandler.py:229: NoSuchElementException"}, "description": "Проверка пустой корзины", "steps": [{"name": "Открытие веб-страницы в Chrome, заходим в корзину", "status": "broken", "statusDetails": {"message": "selenium.common.exceptions.NoSuchElementException: Message: no such element: Unable to locate element: {\"method\":\"css selector\",\"selector\":\".header-cart__icon header-cart__icon--desktop\"}\n  (Session info: chrome=126.0.6478.127); For documentation on this error, please visit: https://www.selenium.dev/documentation/webdriver/troubleshooting/errors#no-such-element-exception\nStacktrace:\n\tGetHandleVerifier [0x00007FF73CE3EEA2+31554]\n\t(No symbol) [0x00007FF73CDB7ED9]\n\t(No symbol) [0x00007FF73CC7872A]\n\t(No symbol) [0x00007FF73CCC8434]\n\t(No symbol) [0x00007FF73CCC853C]\n\t(No symbol) [0x00007FF73CD0F6A7]\n\t(No symbol) [0x00007FF73CCED06F]\n\t(No symbol) [0x00007FF73CD0C977]\n\t(No symbol) [0x00007FF73CCECDD3]\n\t(No symbol) [0x00007FF73CCBA33B]\n\t(No symbol) [0x00007FF73CCBAED1]\n\tGetHandleVerifier [0x00007FF73D148B1D+3217341]\n\tGetHandleVerifier [0x00007FF73D195AE3+3532675]\n\tGetHandleVerifier [0x00007FF73D18B0E0+3489152]\n\tGetHandleVerifier [0x00007FF73CEEE776+750614]\n\t(No symbol) [0x00007FF73CDC375F]\n\t(No symbol) [0x00007FF73CDBEB14]\n\t(No symbol) [0x00007FF73CDBECA2]\n\t(No symbol) [0x00007FF73CDAE16F]\n\tBaseThreadInitThunk [0x00007FF8B5EA257D+29]\n\tRtlUserThreadStart [0x00007FF8B6C2AA58+40]\n\n", "trace": "  File \"C:\\Users\\user\\OneDrive\\Рабочий стол\\Diplom\\Diplom\\test_page_object.py\", line 75, in test_get_empty_cart\n    text = main_page.get_empty_cart()\n           ^^^^^^^^^^^^^^^^^^^^^^^^^^\n  File \"C:\\Users\\user\\OneDrive\\Рабочий стол\\Diplom\\Diplom\\MainPage.py\", line 43, in get_empty_cart\n    self._driver.find_element(By.CLASS_NAME, \"header-cart__icon header-cart__icon--desktop\").click()\n    ^^^^^^^^^^^^^^^^^^^^^^^^^^^^^^^^^^^^^^^^^^^^^^^^^^^^^^^^^^^^^^^^^^^^^^^^^^^^^^^^^^^^^^^^\n  File \"c:\\Users\\user\\OneDrive\\Рабочий стол\\Diplom\\Diplom\\.venv\\Lib\\site-packages\\selenium\\webdriver\\remote\\webdriver.py\", line 748, in find_element\n    return self.execute(Command.FIND_ELEMENT, {\"using\": by, \"value\": value})[\"value\"]\n           ^^^^^^^^^^^^^^^^^^^^^^^^^^^^^^^^^^^^^^^^^^^^^^^^^^^^^^^^^^^^^^^^^\n  File \"c:\\Users\\user\\OneDrive\\Рабочий стол\\Diplom\\Diplom\\.venv\\Lib\\site-packages\\selenium\\webdriver\\remote\\webdriver.py\", line 354, in execute\n    self.error_handler.check_response(response)\n  File \"c:\\Users\\user\\OneDrive\\Рабочий стол\\Diplom\\Diplom\\.venv\\Lib\\site-packages\\selenium\\webdriver\\remote\\errorhandler.py\", line 229, in check_response\n    raise exception_class(message, screen, stacktrace)\n"}, "start": 1720463461345, "stop": 1720463480392}], "start": 1720463461345, "stop": 1720463480393, "uuid": "d2dc5a41-de65-4356-adbd-c04babeaf318", "historyId": "4c2c8d050bea2b384a0670657bb671a8", "testCaseId": "4c2c8d050bea2b384a0670657bb671a8", "fullName": "test_page_object#test_get_empty_cart", "labels": [{"name": "feature", "value": "READ"}, {"name": "severity", "value": "blocker"}, {"name": "tag", "value": "negative_test"}, {"name": "tag", "value": "ui_test"}, {"name": "suite", "value": "test_page_object"}, {"name": "host", "value": "LAPTOP-UBCLPGRH"}, {"name": "thread", "value": "3956-MainThread"}, {"name": "framework", "value": "pytest"}, {"name": "language", "value": "cpython3"}, {"name": "package", "value": "test_page_object"}]}