{"name": "Поиск по автору", "status": "broken", "statusDetails": {"message": "selenium.common.exceptions.TimeoutException: Message: \nStacktrace:\n\tGetHandleVerifier [0x00007FF6DAB4EEA2+31554]\n\t(No symbol) [0x00007FF6DAAC7ED9]\n\t(No symbol) [0x00007FF6DA98872A]\n\t(No symbol) [0x00007FF6DA9D8434]\n\t(No symbol) [0x00007FF6DA9D853C]\n\t(No symbol) [0x00007FF6DAA1F6A7]\n\t(No symbol) [0x00007FF6DA9FD06F]\n\t(No symbol) [0x00007FF6DAA1C977]\n\t(No symbol) [0x00007FF6DA9FCDD3]\n\t(No symbol) [0x00007FF6DA9CA33B]\n\t(No symbol) [0x00007FF6DA9CAED1]\n\tGetHandleVerifier [0x00007FF6DAE58B1D+3217341]\n\tGetHandleVerifier [0x00007FF6DAEA5AE3+3532675]\n\tGetHandleVerifier [0x00007FF6DAE9B0E0+3489152]\n\tGetHandleVerifier [0x00007FF6DABFE776+750614]\n\t(No symbol) [0x00007FF6DAAD375F]\n\t(No symbol) [0x00007FF6DAACEB14]\n\t(No symbol) [0x00007FF6DAACECA2]\n\t(No symbol) [0x00007FF6DAABE16F]\n\tBaseThreadInitThunk [0x00007FF8B5EA257D+29]\n\tRtlUserThreadStart [0x00007FF8B6C2AA58+40]", "trace": "@allure.title(\"Поиск по автору\")\n    @allure.description(\"Проверка поиска по автору\")\n    @allure.feature(\"READ\")\n    @allure.severity(\"blocker\")\n    @pytest.mark.ui_test\n    def test_search_invalid_ui():\n        with allure.step(\"Открытие веб-страницы в Chrome, ввод автора\"):\n            browser = webdriver.Chrome()\n            main_page = MainPage(browser)\n            main_page.set_cookie_policy()\n>           text = main_page.search_invalid_ui('Анна Джейн')\n\ntest_page_object.py:57: \n_ _ _ _ _ _ _ _ _ _ _ _ _ _ _ _ _ _ _ _ _ _ _ _ _ _ _ _ _ _ _ _ _ _ _ _ _ _ _ _ _ _ _ _ _ _ _ _ _ _ _ _ _ _ _ _ _ _ _ _ _ _ _ _ _ _ _ _ _ _ _ _ _ _ _ _\nMainPage.py:42: in search_invalid_ui\n    txt = wait.until(EC.presence_of_element_located((By.XPATH, \"//h1[@class='search-results__title']\"))).text\n_ _ _ _ _ _ _ _ _ _ _ _ _ _ _ _ _ _ _ _ _ _ _ _ _ _ _ _ _ _ _ _ _ _ _ _ _ _ _ _ _ _ _ _ _ _ _ _ _ _ _ _ _ _ _ _ _ _ _ _ _ _ _ _ _ _ _ _ _ _ _ _ _ _ _ _\n\nself = <selenium.webdriver.support.wait.WebDriverWait (session=\"b782050da38cad6aa5d53c711e8fe170\")>\nmethod = <function presence_of_element_located.<locals>._predicate at 0x0000025C2EEA9BC0>, message = ''\n\n    def until(self, method: Callable[[D], Union[Literal[False], T]], message: str = \"\") -> T:\n        \"\"\"Calls the method provided with the driver as an argument until the \\\n        return value does not evaluate to ``False``.\n    \n        :param method: callable(WebDriver)\n        :param message: optional message for :exc:`TimeoutException`\n        :returns: the result of the last call to `method`\n        :raises: :exc:`selenium.common.exceptions.TimeoutException` if timeout occurs\n        \"\"\"\n        screen = None\n        stacktrace = None\n    \n        end_time = time.monotonic() + self._timeout\n        while True:\n            try:\n                value = method(self._driver)\n                if value:\n                    return value\n            except self._ignored_exceptions as exc:\n                screen = getattr(exc, \"screen\", None)\n                stacktrace = getattr(exc, \"stacktrace\", None)\n            time.sleep(self._poll)\n            if time.monotonic() > end_time:\n                break\n>       raise TimeoutException(message, screen, stacktrace)\nE       selenium.common.exceptions.TimeoutException: Message: \nE       Stacktrace:\nE       \tGetHandleVerifier [0x00007FF6DAB4EEA2+31554]\nE       \t(No symbol) [0x00007FF6DAAC7ED9]\nE       \t(No symbol) [0x00007FF6DA98872A]\nE       \t(No symbol) [0x00007FF6DA9D8434]\nE       \t(No symbol) [0x00007FF6DA9D853C]\nE       \t(No symbol) [0x00007FF6DAA1F6A7]\nE       \t(No symbol) [0x00007FF6DA9FD06F]\nE       \t(No symbol) [0x00007FF6DAA1C977]\nE       \t(No symbol) [0x00007FF6DA9FCDD3]\nE       \t(No symbol) [0x00007FF6DA9CA33B]\nE       \t(No symbol) [0x00007FF6DA9CAED1]\nE       \tGetHandleVerifier [0x00007FF6DAE58B1D+3217341]\nE       \tGetHandleVerifier [0x00007FF6DAEA5AE3+3532675]\nE       \tGetHandleVerifier [0x00007FF6DAE9B0E0+3489152]\nE       \tGetHandleVerifier [0x00007FF6DABFE776+750614]\nE       \t(No symbol) [0x00007FF6DAAD375F]\nE       \t(No symbol) [0x00007FF6DAACEB14]\nE       \t(No symbol) [0x00007FF6DAACECA2]\nE       \t(No symbol) [0x00007FF6DAABE16F]\nE       \tBaseThreadInitThunk [0x00007FF8B5EA257D+29]\nE       \tRtlUserThreadStart [0x00007FF8B6C2AA58+40]\n\n.venv\\Lib\\site-packages\\selenium\\webdriver\\support\\wait.py:105: TimeoutException"}, "description": "Проверка поиска по автору", "steps": [{"name": "Открытие веб-страницы в Chrome, ввод автора", "status": "broken", "statusDetails": {"message": "selenium.common.exceptions.TimeoutException: Message: \nStacktrace:\n\tGetHandleVerifier [0x00007FF6DAB4EEA2+31554]\n\t(No symbol) [0x00007FF6DAAC7ED9]\n\t(No symbol) [0x00007FF6DA98872A]\n\t(No symbol) [0x00007FF6DA9D8434]\n\t(No symbol) [0x00007FF6DA9D853C]\n\t(No symbol) [0x00007FF6DAA1F6A7]\n\t(No symbol) [0x00007FF6DA9FD06F]\n\t(No symbol) [0x00007FF6DAA1C977]\n\t(No symbol) [0x00007FF6DA9FCDD3]\n\t(No symbol) [0x00007FF6DA9CA33B]\n\t(No symbol) [0x00007FF6DA9CAED1]\n\tGetHandleVerifier [0x00007FF6DAE58B1D+3217341]\n\tGetHandleVerifier [0x00007FF6DAEA5AE3+3532675]\n\tGetHandleVerifier [0x00007FF6DAE9B0E0+3489152]\n\tGetHandleVerifier [0x00007FF6DABFE776+750614]\n\t(No symbol) [0x00007FF6DAAD375F]\n\t(No symbol) [0x00007FF6DAACEB14]\n\t(No symbol) [0x00007FF6DAACECA2]\n\t(No symbol) [0x00007FF6DAABE16F]\n\tBaseThreadInitThunk [0x00007FF8B5EA257D+29]\n\tRtlUserThreadStart [0x00007FF8B6C2AA58+40]\n\n", "trace": "  File \"C:\\Users\\user\\OneDrive\\Рабочий стол\\Diplom\\Diplom\\test_page_object.py\", line 57, in test_search_invalid_ui\n    text = main_page.search_invalid_ui('Анна Джейн')\n           ^^^^^^^^^^^^^^^^^^^^^^^^^^^^^^^^^^^^^^^^^\n  File \"C:\\Users\\user\\OneDrive\\Рабочий стол\\Diplom\\Diplom\\MainPage.py\", line 42, in search_invalid_ui\n    txt = wait.until(EC.presence_of_element_located((By.XPATH, \"//h1[@class='search-results__title']\"))).text\n         ^^^^^^^^^^^^^^^^^^^^^^^^^^^^^^^^^^^^^^^^^^^^^^^^^^^^^^^^^^^^^^^^^^^^^^^^^^^^^^^^^^^^^^^^^^^^^^\n  File \"c:\\Users\\user\\OneDrive\\Рабочий стол\\Diplom\\Diplom\\.venv\\Lib\\site-packages\\selenium\\webdriver\\support\\wait.py\", line 105, in until\n    raise TimeoutException(message, screen, stacktrace)\n"}, "start": 1720545144164, "stop": 1720545171740}], "start": 1720545144164, "stop": 1720545171741, "uuid": "aae2b47c-80b9-43dd-9de3-ca65462031f0", "historyId": "c5192d670fa72038d53a2d90f4055354", "testCaseId": "c5192d670fa72038d53a2d90f4055354", "fullName": "test_page_object#test_search_invalid_ui", "labels": [{"name": "severity", "value": "blocker"}, {"name": "feature", "value": "READ"}, {"name": "tag", "value": "ui_test"}, {"name": "suite", "value": "test_page_object"}, {"name": "host", "value": "LAPTOP-UBCLPGRH"}, {"name": "thread", "value": "11572-MainThread"}, {"name": "framework", "value": "pytest"}, {"name": "language", "value": "cpython3"}, {"name": "package", "value": "test_page_object"}]}